<?xml version="1.0" encoding="UTF-8"?>
<testng-results ignored="0" total="1" passed="1" failed="0" skipped="0">
  <reporter-output>
  </reporter-output>
  <suite started-at="2022-12-21T21:03:18 IST" name="Default suite" finished-at="2022-12-21T21:03:34 IST" duration-ms="16941">
    <groups>
    </groups>
    <test started-at="2022-12-21T21:03:18 IST" name="Default test" finished-at="2022-12-21T21:03:34 IST" duration-ms="16941">
      <class name="com.inetBanking.testCases.loginPageTest">
        <test-method is-config="true" signature="setUp()[pri:0, instance:com.inetBanking.testCases.loginPageTest@7d0b7e3c]" started-at="2022-12-21T21:03:18 IST" name="setUp" finished-at="2022-12-21T21:03:25 IST" duration-ms="7238" status="PASS">
          <reporter-output>
          </reporter-output>
        </test-method> <!-- setUp -->
        <test-method signature="loginTest()[pri:0, instance:com.inetBanking.testCases.loginPageTest@7d0b7e3c]" started-at="2022-12-21T21:03:25 IST" name="loginTest" finished-at="2022-12-21T21:03:34 IST" duration-ms="9002" status="PASS">
          <reporter-output>
          </reporter-output>
        </test-method> <!-- loginTest -->
        <test-method is-config="true" signature="tearDown()[pri:0, instance:com.inetBanking.testCases.loginPageTest@7d0b7e3c]" started-at="2022-12-21T21:03:34 IST" name="tearDown" finished-at="2022-12-21T21:03:34 IST" duration-ms="633" status="PASS">
          <reporter-output>
          </reporter-output>
        </test-method> <!-- tearDown -->
      </class> <!-- com.inetBanking.testCases.loginPageTest -->
    </test> <!-- Default test -->
  </suite> <!-- Default suite -->
</testng-results>
